MPI initialized with 3072 MPI processes
MPI initialized with thread support level 0
AMReX (21.08-8-g5da293757b8b) initialized

Coarse STEP 1 at t = 0 (0%) starts ...

Coarse STEP 2 at t = 3.58811974e-05 (0.007176239481%) starts ...

Coarse STEP 3 at t = 6.776453244e-05 (0.01355290649%) starts ...

Coarse STEP 4 at t = 9.764435941e-05 (0.01952887188%) starts ...

Coarse STEP 5 at t = 0.0001260766853 (0.02521533706%) starts ...

Coarse STEP 6 at t = 0.0001537464316 (0.03074928632%) starts ...

Coarse STEP 7 at t = 0.0001806815547 (0.03613631095%) starts ...

Coarse STEP 8 at t = 0.0002070544569 (0.04141089137%) starts ...

Coarse STEP 9 at t = 0.0002330215812 (0.04660431625%) starts ...

Coarse STEP 10 at t = 0.0002587775613 (0.05175551227%) starts ...

Coarse STEP 11 at t = 0.0002842298529 (0.05684597058%) starts ...

Coarse STEP 12 at t = 0.0003095612288 (0.06191224577%) starts ...

Coarse STEP 13 at t = 0.0003349087792 (0.06698175584%) starts ...

Coarse STEP 14 at t = 0.0003603929612 (0.07207859223%) starts ...

Coarse STEP 15 at t = 0.0003860851432 (0.07721702864%) starts ...

Coarse STEP 16 at t = 0.0004120105678 (0.08240211355%) starts ...

Coarse STEP 17 at t = 0.0004376518179 (0.08753036358%) starts ...

Coarse STEP 18 at t = 0.0004630900004 (0.09261800007%) starts ...

Coarse STEP 19 at t = 0.0004884603622 (0.09769207245%) starts ...

Coarse STEP 20 at t = 0.0005138122202 (0.102762444%) starts ...

Coarse STEP 21 at t = 0.0005392173031 (0.1078434606%) starts ...

Coarse STEP 22 at t = 0.0005647249326 (0.1129449865%) starts ...

Coarse STEP 23 at t = 0.0005903202006 (0.1180640401%) starts ...

Coarse STEP 24 at t = 0.0006160397379 (0.1232079476%) starts ...

Coarse STEP 25 at t = 0.0006418198199 (0.128363964%) starts ...

Coarse STEP 26 at t = 0.0006676317012 (0.1335263402%) starts ...

Coarse STEP 27 at t = 0.0006934871741 (0.1386974348%) starts ...

Coarse STEP 28 at t = 0.000719411015 (0.143882203%) starts ...

Coarse STEP 29 at t = 0.000745426672 (0.1490853344%) starts ...

Coarse STEP 30 at t = 0.0007714779231 (0.1542955846%) starts ...

Coarse STEP 31 at t = 0.0007975941687 (0.1595188337%) starts ...

Coarse STEP 32 at t = 0.0008238075665 (0.1647615133%) starts ...

Coarse STEP 33 at t = 0.0008501424617 (0.1700284923%) starts ...

Coarse STEP 34 at t = 0.0008766158088 (0.1753231618%) starts ...

Coarse STEP 35 at t = 0.0009030653938 (0.1806130788%) starts ...

Coarse STEP 36 at t = 0.0009294903319 (0.1858980664%) starts ...

Coarse STEP 37 at t = 0.0009559076121 (0.1911815224%) starts ...

Coarse STEP 38 at t = 0.0009823416957 (0.1964683391%) starts ...

Coarse STEP 39 at t = 0.001008835239 (0.2017670478%) starts ...

Coarse STEP 40 at t = 0.00103543476 (0.207086952%) starts ...

Coarse STEP 41 at t = 0.001062152655 (0.212430531%) starts ...

Coarse STEP 42 at t = 0.001088985232 (0.2177970465%) starts ...

Coarse STEP 43 at t = 0.001115918332 (0.2231836664%) starts ...

Coarse STEP 44 at t = 0.00114274117 (0.2285482341%) starts ...

Coarse STEP 45 at t = 0.001169463669 (0.2338927337%) starts ...

Coarse STEP 46 at t = 0.001196135615 (0.2392271229%) starts ...

Coarse STEP 47 at t = 0.001222783303 (0.2445566607%) starts ...

Coarse STEP 48 at t = 0.001249403949 (0.2498807898%) starts ...

Coarse STEP 49 at t = 0.001276003491 (0.2552006982%) starts ...

Coarse STEP 50 at t = 0.001302581653 (0.2605163307%) starts ...

Coarse STEP 51 at t = 0.001329144291 (0.2658288582%) starts ...

Coarse STEP 52 at t = 0.001355698291 (0.2711396581%) starts ...

Coarse STEP 53 at t = 0.001382255608 (0.2764511215%) starts ...

Coarse STEP 54 at t = 0.001408832725 (0.281766545%) starts ...

Coarse STEP 55 at t = 0.001435432853 (0.2870865707%) starts ...

Coarse STEP 56 at t = 0.001461973417 (0.2923946835%) starts ...

Coarse STEP 57 at t = 0.001488498383 (0.2976996766%) starts ...

Coarse STEP 58 at t = 0.001515048082 (0.3030096163%) starts ...

Coarse STEP 59 at t = 0.001541642501 (0.3083285001%) starts ...

Coarse STEP 60 at t = 0.001568295846 (0.3136591692%) starts ...

Coarse STEP 61 at t = 0.001595022814 (0.3190045628%) starts ...

Coarse STEP 62 at t = 0.001621838254 (0.3243676508%) starts ...

Coarse STEP 63 at t = 0.001648748932 (0.3297497864%) starts ...

Coarse STEP 64 at t = 0.001675715908 (0.3351431816%) starts ...

Coarse STEP 65 at t = 0.001702671753 (0.3405343507%) starts ...

Coarse STEP 66 at t = 0.001729641434 (0.3459282867%) starts ...

Coarse STEP 67 at t = 0.001756649114 (0.3513298229%) starts ...

Coarse STEP 68 at t = 0.001783667168 (0.3567334336%) starts ...

Coarse STEP 69 at t = 0.001810670735 (0.362134147%) starts ...

Coarse STEP 70 at t = 0.001837689914 (0.3675379828%) starts ...

Coarse STEP 71 at t = 0.001864736195 (0.372947239%) starts ...

Coarse STEP 72 at t = 0.001891814009 (0.3783628018%) starts ...

Coarse STEP 73 at t = 0.001918927984 (0.3837855968%) starts ...

Coarse STEP 74 at t = 0.00194608015 (0.3892160299%) starts ...

Coarse STEP 75 at t = 0.00197322876 (0.394645752%) starts ...

Coarse STEP 76 at t = 0.002000328168 (0.4000656336%) starts ...

Coarse STEP 77 at t = 0.002027385467 (0.4054770935%) starts ...

Coarse STEP 78 at t = 0.00205443145 (0.4108862901%) starts ...

Coarse STEP 79 at t = 0.00208146936 (0.416293872%) starts ...

Coarse STEP 80 at t = 0.002108522085 (0.4217044171%) starts ...

Coarse STEP 81 at t = 0.00213560435 (0.42712087%) starts ...

Coarse STEP 82 at t = 0.002162711432 (0.4325422864%) starts ...

Coarse STEP 83 at t = 0.002189822612 (0.4379645223%) starts ...

Coarse STEP 84 at t = 0.002216945951 (0.4433891901%) starts ...

Coarse STEP 85 at t = 0.002243998543 (0.4487997086%) starts ...

Coarse STEP 86 at t = 0.00227101135 (0.4542022699%) starts ...

Coarse STEP 87 at t = 0.002298028171 (0.4596056342%) starts ...

Coarse STEP 88 at t = 0.002324969864 (0.4649939729%) starts ...

Coarse STEP 89 at t = 0.002351844459 (0.4703688917%) starts ...

Coarse STEP 90 at t = 0.002378701821 (0.4757403643%) starts ...

Coarse STEP 91 at t = 0.002405576147 (0.4811152294%) starts ...

Coarse STEP 92 at t = 0.002432488042 (0.4864976083%) starts ...

Coarse STEP 93 at t = 0.002459423159 (0.4918846319%) starts ...

Coarse STEP 94 at t = 0.002486395407 (0.4972790814%) starts ...

Coarse STEP 95 at t = 0.00251343154 (0.502686308%) starts ...

Coarse STEP 96 at t = 0.002540411733 (0.5080823467%) starts ...

Coarse STEP 97 at t = 0.002567355123 (0.5134710245%) starts ...

Coarse STEP 98 at t = 0.002594319412 (0.5188638824%) starts ...

Coarse STEP 99 at t = 0.002621227259 (0.5242454518%) starts ...

Coarse STEP 100 at t = 0.002648094493 (0.5296188985%) starts ...

Initial gas+radiation energy = 0.1577758719
Final gas+radiation energy = 0.1577758719
	absolute conservation error = 2.775557562e-17
	relative conservation error = 1.759177451e-16


Initial gasDensity = 1
	absolute conservation error = 0
	relative conservation error = 0

Initial x-GasMomentum = 0
	absolute conservation error = 0.0002046888067

Initial y-GasMomentum = 0
	absolute conservation error = 0.0002046888067

Initial z-GasMomentum = 0
	absolute conservation error = 0.0002046888067

Initial gasEnergy = 0.1577758719
	absolute conservation error = 2.775557562e-17
	relative conservation error = 1.759177451e-16

Initial radEnergy = 0
	absolute conservation error = 0

Initial x-RadFlux = 0
	absolute conservation error = 0

Initial y-RadFlux = 0
	absolute conservation error = 0

Initial z-RadFlux = 0
	absolute conservation error = 0

Performance figure-of-merit: 0.0009033087266 μs/zone-update [1107.041226 Mupdates/s]
Finished.
elapsed time: 779.7456846 seconds.
AMReX (21.08-8-g5da293757b8b) finalized
##IPMv2.0.6########################################################
#
# command   : ./build/src/test_hydro3d_blast tests/blast_unigrid_2048.in 
# start     : Mon Aug 16 15:45:33 2021   host      : gadi-cpu-clx-22 
# stop      : Mon Aug 16 15:58:38 2021   wallclock : 785.46
# mpi_tasks : 3072 on 2 nodes            %comm     : 24.81
# mem [GB]  : 4187.82                    gflop/sec : 0.00
#
#           :       [total]        <avg>          min          max
# wallclock :    2410811.31       784.77       784.16       785.46 
# MPI       :     598184.97       194.72       154.90       230.60 
# %wall     :
#   MPI     :                      24.81        19.73        29.38 
# #calls    :
#   MPI     :      35314336        11495         3364        14676
# mem [GB]  :       4187.82         1.36         1.14         1.44 
#
###################################################################
