MPI initialized with 384 MPI processes
MPI initialized with thread support level 0
AMReX (21.08-8-g5da293757b8b) initialized

Coarse STEP 1 at t = 0 (0%) starts ...

Coarse STEP 2 at t = 7.176239481e-05 (0.01435247896%) starts ...

Coarse STEP 3 at t = 0.0001355290649 (0.02710581298%) starts ...

Coarse STEP 4 at t = 0.0001952887188 (0.03905774376%) starts ...

Coarse STEP 5 at t = 0.0002521777889 (0.05043555779%) starts ...

Coarse STEP 6 at t = 0.0003075773202 (0.06151546403%) starts ...

Coarse STEP 7 at t = 0.0003614780051 (0.07229560103%) starts ...

Coarse STEP 8 at t = 0.000414262585 (0.08285251699%) starts ...

Coarse STEP 9 at t = 0.0004662248212 (0.09324496425%) starts ...

Coarse STEP 10 at t = 0.0005176779362 (0.1035355872%) starts ...

Coarse STEP 11 at t = 0.0005686625102 (0.113732502%) starts ...

Coarse STEP 12 at t = 0.0006194514929 (0.1238902986%) starts ...

Coarse STEP 13 at t = 0.000670218393 (0.1340436786%) starts ...

Coarse STEP 14 at t = 0.0007211922298 (0.144238446%) starts ...

Coarse STEP 15 at t = 0.0007724841515 (0.1544968303%) starts ...

Coarse STEP 16 at t = 0.0008241709826 (0.1648341965%) starts ...

Coarse STEP 17 at t = 0.0008756139123 (0.1751227825%) starts ...

Coarse STEP 18 at t = 0.0009266488427 (0.1853297685%) starts ...

Coarse STEP 19 at t = 0.000977586957 (0.1955173914%) starts ...

Coarse STEP 20 at t = 0.001028577812 (0.2057155623%) starts ...

Coarse STEP 21 at t = 0.001079665881 (0.2159331763%) starts ...

Coarse STEP 22 at t = 0.00113086093 (0.2261721859%) starts ...

Coarse STEP 23 at t = 0.001182247733 (0.2364495466%) starts ...

Coarse STEP 24 at t = 0.001233875483 (0.2467750966%) starts ...

Coarse STEP 25 at t = 0.001285710188 (0.2571420376%) starts ...

Coarse STEP 26 at t = 0.001337680432 (0.2675360865%) starts ...

Coarse STEP 27 at t = 0.00138974706 (0.277949412%) starts ...

Coarse STEP 28 at t = 0.001441912316 (0.2883824631%) starts ...

Coarse STEP 29 at t = 0.001494121332 (0.2988242665%) starts ...

Coarse STEP 30 at t = 0.001546399597 (0.3092799194%) starts ...

Coarse STEP 31 at t = 0.001598860071 (0.3197720142%) starts ...

Coarse STEP 32 at t = 0.00165159779 (0.3303195579%) starts ...

Coarse STEP 33 at t = 0.001704652061 (0.3409304122%) starts ...

Coarse STEP 34 at t = 0.00175791089 (0.351582178%) starts ...

Coarse STEP 35 at t = 0.001811066977 (0.3622133953%) starts ...

Coarse STEP 36 at t = 0.001864207846 (0.3728415692%) starts ...

Coarse STEP 37 at t = 0.001917422977 (0.3834845953%) starts ...

Coarse STEP 38 at t = 0.001970800086 (0.3941600171%) starts ...

Coarse STEP 39 at t = 0.002024392084 (0.4048784168%) starts ...

Coarse STEP 40 at t = 0.00207822004 (0.415644008%) starts ...

Coarse STEP 41 at t = 0.002132228256 (0.4264456511%) starts ...

Coarse STEP 42 at t = 0.002186326045 (0.4372652091%) starts ...

Coarse STEP 43 at t = 0.002240483718 (0.4480967436%) starts ...

Coarse STEP 44 at t = 0.002294736616 (0.4589473231%) starts ...

Coarse STEP 45 at t = 0.002349084973 (0.4698169946%) starts ...

Coarse STEP 46 at t = 0.002403523524 (0.4807047049%) starts ...

Coarse STEP 47 at t = 0.002457954959 (0.4915909917%) starts ...

Coarse STEP 48 at t = 0.00251237235 (0.5024744699%) starts ...

Coarse STEP 49 at t = 0.002566711266 (0.5133422531%) starts ...

Coarse STEP 50 at t = 0.002620977475 (0.5241954949%) starts ...

Coarse STEP 51 at t = 0.002675164147 (0.5350328294%) starts ...

Coarse STEP 52 at t = 0.002729263112 (0.5458526225%) starts ...

Coarse STEP 53 at t = 0.002783248367 (0.5566496733%) starts ...

Coarse STEP 54 at t = 0.0028371974 (0.5674394801%) starts ...

Coarse STEP 55 at t = 0.002891187807 (0.5782375614%) starts ...

Coarse STEP 56 at t = 0.002945286429 (0.5890572858%) starts ...

Coarse STEP 57 at t = 0.002999534626 (0.5999069252%) starts ...

Coarse STEP 58 at t = 0.00305376202 (0.6107524041%) starts ...

Coarse STEP 59 at t = 0.003108016834 (0.6216033669%) starts ...

Coarse STEP 60 at t = 0.003162354246 (0.6324708492%) starts ...

Coarse STEP 61 at t = 0.003216595075 (0.6433190149%) starts ...

Coarse STEP 62 at t = 0.003270706577 (0.6541413154%) starts ...

Coarse STEP 63 at t = 0.003324737461 (0.6649474921%) starts ...

Coarse STEP 64 at t = 0.003378739158 (0.6757478317%) starts ...

Coarse STEP 65 at t = 0.003432761188 (0.6865522376%) starts ...

Coarse STEP 66 at t = 0.003486845685 (0.697369137%) starts ...

Coarse STEP 67 at t = 0.003541007273 (0.7082014545%) starts ...

Coarse STEP 68 at t = 0.003595239424 (0.7190478849%) starts ...

Coarse STEP 69 at t = 0.003649531496 (0.7299062992%) starts ...

Coarse STEP 70 at t = 0.003703849847 (0.7407699695%) starts ...

Coarse STEP 71 at t = 0.003758163119 (0.7516326238%) starts ...

Coarse STEP 72 at t = 0.003812453003 (0.7624906005%) starts ...

Coarse STEP 73 at t = 0.003866625167 (0.7733250334%) starts ...

Coarse STEP 74 at t = 0.003920708461 (0.7841416923%) starts ...

Coarse STEP 75 at t = 0.003974735766 (0.7949471532%) starts ...

Coarse STEP 76 at t = 0.004028760854 (0.8057521707%) starts ...

Coarse STEP 77 at t = 0.004082829552 (0.8165659104%) starts ...

Coarse STEP 78 at t = 0.004136960039 (0.8273920079%) starts ...

Coarse STEP 79 at t = 0.004191152796 (0.8382305592%) starts ...

Coarse STEP 80 at t = 0.004245367157 (0.8490734315%) starts ...

Coarse STEP 81 at t = 0.004299592686 (0.8599185373%) starts ...

Coarse STEP 82 at t = 0.004353782189 (0.8707564378%) starts ...

Coarse STEP 83 at t = 0.004407887284 (0.8815774567%) starts ...

Coarse STEP 84 at t = 0.004461896592 (0.8923793184%) starts ...

Coarse STEP 85 at t = 0.004515824558 (0.9031649116%) starts ...

Coarse STEP 86 at t = 0.004569705245 (0.9139410489%) starts ...

Coarse STEP 87 at t = 0.004623571606 (0.9247143211%) starts ...

Coarse STEP 88 at t = 0.004677456567 (0.9354913134%) starts ...

Coarse STEP 89 at t = 0.004731398812 (0.9462797625%) starts ...

Coarse STEP 90 at t = 0.004785421636 (0.9570843273%) starts ...

Coarse STEP 91 at t = 0.004839520471 (0.9679040941%) starts ...

Coarse STEP 92 at t = 0.004893625848 (0.9787251695%) starts ...

Coarse STEP 93 at t = 0.004947699957 (0.9895399914%) starts ...

Coarse STEP 94 at t = 0.005001684841 (1.000336968%) starts ...

Coarse STEP 95 at t = 0.005055575665 (1.011115133%) starts ...

Coarse STEP 96 at t = 0.0051093996 (1.02187992%) starts ...

Coarse STEP 97 at t = 0.005163189188 (1.032637838%) starts ...

Coarse STEP 98 at t = 0.005216978294 (1.043395659%) starts ...

Coarse STEP 99 at t = 0.00527080007 (1.054160014%) starts ...

Coarse STEP 100 at t = 0.005324678253 (1.064935651%) starts ...

Initial gas+radiation energy = 0.1577760378
Final gas+radiation energy = 0.1577760378
	absolute conservation error = 2.775557562e-17
	relative conservation error = 1.759175601e-16


Initial gasDensity = 1
	absolute conservation error = 0
	relative conservation error = 0

Initial x-GasMomentum = 0
	absolute conservation error = 0.0004032293496

Initial y-GasMomentum = 0
	absolute conservation error = 0.0004032293496

Initial z-GasMomentum = 0
	absolute conservation error = 0.0004032293496

Initial gasEnergy = 0.1577760378
	absolute conservation error = 2.775557562e-17
	relative conservation error = 1.759175601e-16

Initial radEnergy = 0
	absolute conservation error = 0

Initial x-RadFlux = 0
	absolute conservation error = 0

Initial y-RadFlux = 0
	absolute conservation error = 0

Initial z-RadFlux = 0
	absolute conservation error = 0

Performance figure-of-merit: 0.006923671796 μs/zone-update [144.432034 Mupdates/s]
Finished.
elapsed time: 746.6677774 seconds.
AMReX (21.08-8-g5da293757b8b) finalized
##IPMv2.0.6########################################################
#
# command   : ./build/src/test_hydro3d_blast tests/blast_unigrid_1024.in 
# start     : Mon Aug 16 15:27:41 2021   host      : gadi-cpu-clx-21 
# stop      : Mon Aug 16 15:40:12 2021   wallclock : 750.63
# mpi_tasks : 384 on 1 nodes             %comm     : 22.05
# mem [GB]  : 500.62                     gflop/sec : 0.00
#
#           :       [total]        <avg>          min          max
# wallclock :     288216.78       750.56       750.46       750.63 
# MPI       :      63543.34       165.48       128.99       198.93 
# %wall     :
#   MPI     :                      22.05        17.18        26.50 
# #calls    :
#   MPI     :       3773952         9828         3364        14676
# mem [GB]  :        500.62         1.30         1.10         1.41 
#
###################################################################
