MPI initialized with 48 MPI processes
MPI initialized with thread support level 0
AMReX (21.08-8-g5da293757b8b) initialized

Coarse STEP 1 at t = 0 (0%) starts ...

Coarse STEP 2 at t = 0.0001435247896 (0.02870495792%) starts ...

Coarse STEP 3 at t = 0.0002710581298 (0.05421162595%) starts ...

Coarse STEP 4 at t = 0.000390741311 (0.0781482622%) starts ...

Coarse STEP 5 at t = 0.0005046551243 (0.1009310249%) starts ...

Coarse STEP 6 at t = 0.000615360372 (0.1230720744%) starts ...

Coarse STEP 7 at t = 0.000723385093 (0.1446770186%) starts ...

Coarse STEP 8 at t = 0.0008291569529 (0.1658313906%) starts ...

Coarse STEP 9 at t = 0.0009332369997 (0.1866473999%) starts ...

Coarse STEP 10 at t = 0.001036407084 (0.2072814167%) starts ...

Coarse STEP 11 at t = 0.001138500829 (0.2277001658%) starts ...

Coarse STEP 12 at t = 0.001240003919 (0.2480007838%) starts ...

Coarse STEP 13 at t = 0.001341385259 (0.2682770518%) starts ...

Coarse STEP 14 at t = 0.001443250769 (0.2886501538%) starts ...

Coarse STEP 15 at t = 0.00154593751 (0.309187502%) starts ...

Coarse STEP 16 at t = 0.001649527063 (0.3299054127%) starts ...

Coarse STEP 17 at t = 0.001753012124 (0.3506024248%) starts ...

Coarse STEP 18 at t = 0.001855490581 (0.3710981162%) starts ...

Coarse STEP 19 at t = 0.001957664334 (0.3915328667%) starts ...

Coarse STEP 20 at t = 0.002060059375 (0.4120118751%) starts ...

Coarse STEP 21 at t = 0.002163042959 (0.4326085919%) starts ...

Coarse STEP 22 at t = 0.002266383989 (0.4532767979%) starts ...

Coarse STEP 23 at t = 0.00237006325 (0.47401265%) starts ...

Coarse STEP 24 at t = 0.002474007777 (0.4948015554%) starts ...

Coarse STEP 25 at t = 0.002578206981 (0.5156413962%) starts ...

Coarse STEP 26 at t = 0.002682639092 (0.5365278184%) starts ...

Coarse STEP 27 at t = 0.002787271207 (0.5574542414%) starts ...

Coarse STEP 28 at t = 0.002892076015 (0.5784152031%) starts ...

Coarse STEP 29 at t = 0.002997121328 (0.5994242656%) starts ...

Coarse STEP 30 at t = 0.003102623232 (0.6205246464%) starts ...

Coarse STEP 31 at t = 0.003208767661 (0.6417535322%) starts ...

Coarse STEP 32 at t = 0.003315609987 (0.6631219974%) starts ...

Coarse STEP 33 at t = 0.0034231415 (0.6846282999%) starts ...

Coarse STEP 34 at t = 0.003531008048 (0.7062016097%) starts ...

Coarse STEP 35 at t = 0.00363881201 (0.7277624019%) starts ...

Coarse STEP 36 at t = 0.003746741496 (0.7493482993%) starts ...

Coarse STEP 37 at t = 0.003854709912 (0.7709419824%) starts ...

Coarse STEP 38 at t = 0.003962531782 (0.7925063563%) starts ...

Coarse STEP 39 at t = 0.004070195749 (0.8140391497%) starts ...

Coarse STEP 40 at t = 0.004177973657 (0.8355947314%) starts ...

Coarse STEP 41 at t = 0.00428587232 (0.8571744639%) starts ...

Coarse STEP 42 at t = 0.004393868502 (0.8787737003%) starts ...

Coarse STEP 43 at t = 0.004502069707 (0.9004139414%) starts ...

Coarse STEP 44 at t = 0.004610036622 (0.9220073243%) starts ...

Coarse STEP 45 at t = 0.004718146001 (0.9436292003%) starts ...

Coarse STEP 46 at t = 0.004826465961 (0.9652931921%) starts ...

Coarse STEP 47 at t = 0.004934742688 (0.9869485376%) starts ...

Coarse STEP 48 at t = 0.005043040756 (1.008608151%) starts ...

Coarse STEP 49 at t = 0.005151196071 (1.030239214%) starts ...

Coarse STEP 50 at t = 0.005259133424 (1.051826685%) starts ...

Coarse STEP 51 at t = 0.005366972555 (1.073394511%) starts ...

Coarse STEP 52 at t = 0.005474857633 (1.094971527%) starts ...

Coarse STEP 53 at t = 0.005582827585 (1.116565517%) starts ...

Coarse STEP 54 at t = 0.005690614119 (1.138122824%) starts ...

Coarse STEP 55 at t = 0.005798423618 (1.159684724%) starts ...

Coarse STEP 56 at t = 0.005906376681 (1.181275336%) starts ...

Coarse STEP 57 at t = 0.006014551792 (1.202910358%) starts ...

Coarse STEP 58 at t = 0.006122585228 (1.224517046%) starts ...

Coarse STEP 59 at t = 0.006230346102 (1.24606922%) starts ...

Coarse STEP 60 at t = 0.006337898954 (1.267579791%) starts ...

Coarse STEP 61 at t = 0.006445305437 (1.289061087%) starts ...

Coarse STEP 62 at t = 0.006552533444 (1.310506689%) starts ...

Coarse STEP 63 at t = 0.006659697128 (1.331939426%) starts ...

Coarse STEP 64 at t = 0.006766903221 (1.353380644%) starts ...

Coarse STEP 65 at t = 0.006874245745 (1.374849149%) starts ...

Coarse STEP 66 at t = 0.006981785987 (1.396357197%) starts ...

Coarse STEP 67 at t = 0.0070894198 (1.41788396%) starts ...

Coarse STEP 68 at t = 0.007197204375 (1.439440875%) starts ...

Coarse STEP 69 at t = 0.007304884563 (1.460976913%) starts ...

Coarse STEP 70 at t = 0.007412577266 (1.482515453%) starts ...

Coarse STEP 71 at t = 0.007520183721 (1.504036744%) starts ...

Coarse STEP 72 at t = 0.007627686804 (1.525537361%) starts ...

Coarse STEP 73 at t = 0.007735070993 (1.547014199%) starts ...

Coarse STEP 74 at t = 0.007842384928 (1.568476986%) starts ...

Coarse STEP 75 at t = 0.007949691841 (1.589938368%) starts ...

Coarse STEP 76 at t = 0.008056969158 (1.611393832%) starts ...

Coarse STEP 77 at t = 0.00816417554 (1.632835108%) starts ...

Coarse STEP 78 at t = 0.008271419616 (1.654283923%) starts ...

Coarse STEP 79 at t = 0.008378801508 (1.675760302%) starts ...

Coarse STEP 80 at t = 0.008486261991 (1.697252398%) starts ...

Coarse STEP 81 at t = 0.008593655196 (1.718731039%) starts ...

Coarse STEP 82 at t = 0.008700958996 (1.740191799%) starts ...

Coarse STEP 83 at t = 0.008808125467 (1.761625093%) starts ...

Coarse STEP 84 at t = 0.008915117289 (1.783023458%) starts ...

Coarse STEP 85 at t = 0.00902198751 (1.804397502%) starts ...

Coarse STEP 86 at t = 0.009128761366 (1.825752273%) starts ...

Coarse STEP 87 at t = 0.00923550572 (1.847101144%) starts ...

Coarse STEP 88 at t = 0.009342282851 (1.86845657%) starts ...

Coarse STEP 89 at t = 0.009449142898 (1.88982858%) starts ...

Coarse STEP 90 at t = 0.009556118252 (1.91122365%) starts ...

Coarse STEP 91 at t = 0.009662964251 (1.93259285%) starts ...

Coarse STEP 92 at t = 0.009769791415 (1.953958283%) starts ...

Coarse STEP 93 at t = 0.009876676953 (1.975335391%) starts ...

Coarse STEP 94 at t = 0.009983496785 (1.996699357%) starts ...

Coarse STEP 95 at t = 0.01009022304 (2.018044609%) starts ...

Coarse STEP 96 at t = 0.01019692737 (2.039385474%) starts ...

Coarse STEP 97 at t = 0.01030349714 (2.060699428%) starts ...

Coarse STEP 98 at t = 0.01041011288 (2.082022576%) starts ...

Coarse STEP 99 at t = 0.01051673117 (2.103346234%) starts ...

Coarse STEP 100 at t = 0.01062332902 (2.124665805%) starts ...

Initial gas+radiation energy = 0.1577739771
Final gas+radiation energy = 0.1577739771
	absolute conservation error = 5.551115123e-17
	relative conservation error = 3.518397155e-16


Initial gasDensity = 1
	absolute conservation error = 0
	relative conservation error = 0

Initial x-GasMomentum = 0
	absolute conservation error = 0.0007639679397

Initial y-GasMomentum = 0
	absolute conservation error = 0.0007639679397

Initial z-GasMomentum = 0
	absolute conservation error = 0.0007639679397

Initial gasEnergy = 0.1577739771
	absolute conservation error = 5.551115123e-17
	relative conservation error = 3.518397155e-16

Initial radEnergy = 0
	absolute conservation error = 0

Initial x-RadFlux = 0
	absolute conservation error = 0

Initial y-RadFlux = 0
	absolute conservation error = 0

Initial z-RadFlux = 0
	absolute conservation error = 0

Performance figure-of-merit: 0.05074892879 μs/zone-update [19.70484942 Mupdates/s]
Finished.
elapsed time: 683.6927042 seconds.
AMReX (21.08-8-g5da293757b8b) finalized
##IPMv2.0.6########################################################
#
# command   : ./build/src/test_hydro3d_blast tests/blast_unigrid_512.in amrex.async_out=1 
# start     : Mon Aug 16 15:05:48 2021   host      : gadi-cpu-clx-20 
# stop      : Mon Aug 16 15:17:15 2021   wallclock : 687.30
# mpi_tasks : 48 on 1 nodes              %comm     : 12.03
# mem [GB]  : 65.92                      gflop/sec : 0.00
#
#           :       [total]        <avg>          min          max
# wallclock :      32990.37       687.30       687.29       687.30 
# MPI       :       3968.03        82.67        66.13       104.08 
# %wall     :
#   MPI     :                      12.03         9.62        15.14 
# #calls    :
#   MPI     :        334384         6966         3364        10636
# mem [GB]  :         65.92         1.37         1.23         1.47 
#
###################################################################
